Построение начато 22.03.2016 10:30:34.
     1>Проект "C:\Users\Karss\YandexDisk\USATU\Kursach\SAP Graph\SAP Graph\SAP Graph.vcxproj" в узле 2 (целевые объекты build).
     1>InitializeBuildStatus:
         Создание "Debug\SAP Graph.unsuccessfulbuild", так как было задано "AlwaysCreate".
       GenerateTargetFrameworkMonikerAttribute:
       Целевой объект "GenerateTargetFrameworkMonikerAttribute" пропускается, так как все выходные файлы актуальны по отношению к входным.
       ClCompile:
         Для всех выходных данных обновления не требуется.
         Для всех выходных данных обновления не требуется.
         Для всех выходных данных обновления не требуется.
       CoreResGen:
         Отсутствуют ресурсы, устаревшие по отношению к файлам своих источников. Пропуск формирования ресурсов.
       ResourceCompile:
         Для всех выходных данных обновления не требуется.
       Link:
         Для всех выходных данных обновления не требуется.
         SAP Graph.vcxproj -> C:\Users\Karss\YandexDisk\USATU\Kursach\SAP Graph\Debug\SAP Graph.exe
       FinalizeBuildStatus:
         Файл "Debug\SAP Graph.unsuccessfulbuild" удаляется.
         Обращение к "Debug\SAP Graph.lastbuildstate".
     1>Построение проекта "C:\Users\Karss\YandexDisk\USATU\Kursach\SAP Graph\SAP Graph\SAP Graph.vcxproj" завершено (целевые объекты build).

Построение успешно завершено.

Затраченное время: 00:00:00.16
